<?xml version="1.0" encoding="UTF-8"?>
<testsuite xmlns:xsi="http://www.w3.org/2001/XMLSchema-instance" xsi:noNamespaceSchemaLocation="https://maven.apache.org/surefire/maven-surefire-plugin/xsd/surefire-test-report.xsd" version="3.0.2" name="com.example.payments.PaymentTrackerTest" time="0.045" tests="6" errors="0" skipped="0" failures="0">
  <properties>
[...]
</properties>
  <testcase name="concurrentRecordsDoNotLoseUpdates" classname="com.example.payments.PaymentTrackerTest" time="0.041"/>
  <testcase name="decimalPrecisionIsPreservedInSums" classname="com.example.payments.PaymentTrackerTest" time="0.001"/>
  <testcase name="unknownCurrencyIsEmpty" classname="com.example.payments.PaymentTrackerTest" time="0.001"/>
  <testcase name="snapshotIsSortedByCurrency" classname="com.example.payments.PaymentTrackerTest" time="0.001"/>
  <testcase name="currencyThatNetsToZeroIsStillPresent" classname="com.example.payments.PaymentTrackerTest" time="0.0"/>
  <testcase name="recordAccumulatesAndReturnsNewBalance" classname="com.example.payments.PaymentTrackerTest" time="0.0"/>
</testsuite>